<?xml version="1.0" encoding="UTF-8"?>
<testng-results ignored="0" total="1" passed="1" failed="0" skipped="0">
  <reporter-output>
  </reporter-output>
  <suite started-at="2022-02-16T17:36:11Z" name="Default suite" finished-at="2022-02-16T17:36:28Z" duration-ms="16910">
    <groups>
    </groups>
    <test started-at="2022-02-16T17:36:11Z" name="Default test" finished-at="2022-02-16T17:36:28Z" duration-ms="16910">
      <class name="testCases.JumiaLandingPage">
        <test-method signature="navigateToLoginPage()[pri:0, instance:testCases.JumiaLandingPage@7c417213]" started-at="2022-02-16T17:36:11Z" name="navigateToLoginPage" finished-at="2022-02-16T17:36:28Z" duration-ms="16842" status="PASS">
          <reporter-output>
          </reporter-output>
        </test-method> <!-- navigateToLoginPage -->
      </class> <!-- testCases.JumiaLandingPage -->
    </test> <!-- Default test -->
  </suite> <!-- Default suite -->
</testng-results>
